<?xml version="1.0" encoding="UTF-8"?>
<!-- Generated by org.testng.reporters.JUnitReportReporter -->
<testsuite skipped="0" hostname="TK-IN-PC" name="com.datadriven.testcases.LoginTest" tests="1" failures="0" timestamp="2020-02-11T15:53:39 IST" time="0.521" errors="0">
  <testcase name="loginsmartRetail" time="0.521" classname="com.datadriven.testcases.LoginTest"/>
  <system-out/>
</testsuite> <!-- com.datadriven.testcases.LoginTest -->
